features.0.weight torch.Size([64, 3, 3, 3])
features.0.bias torch.Size([64])
features.1.weight torch.Size([64])
features.1.bias torch.Size([64])
features.1.running_mean torch.Size([64])
features.1.running_var torch.Size([64])
features.1.num_batches_tracked torch.Size([])
features.4.weight torch.Size([128, 64, 3, 3])
features.4.bias torch.Size([128])
features.5.weight torch.Size([128])
features.5.bias torch.Size([128])
features.5.running_mean torch.Size([128])
features.5.running_var torch.Size([128])
features.5.num_batches_tracked torch.Size([])
features.8.weight torch.Size([256, 128, 3, 3])
features.8.bias torch.Size([256])
features.9.weight torch.Size([256])
features.9.bias torch.Size([256])
features.9.running_mean torch.Size([256])
features.9.running_var torch.Size([256])
features.9.num_batches_tracked torch.Size([])
features.11.weight torch.Size([256, 256, 3, 3])
features.11.bias torch.Size([256])
features.12.weight torch.Size([256])
features.12.bias torch.Size([256])
features.12.running_mean torch.Size([256])
features.12.running_var torch.Size([256])
features.12.num_batches_tracked torch.Size([])
features.15.weight torch.Size([512, 256, 3, 3])
features.15.bias torch.Size([512])
features.16.weight torch.Size([512])
features.16.bias torch.Size([512])
features.16.running_mean torch.Size([512])
features.16.running_var torch.Size([512])
features.16.num_batches_tracked torch.Size([])
features.18.weight torch.Size([512, 512, 3, 3])
features.18.bias torch.Size([512])
features.19.weight torch.Size([512])
features.19.bias torch.Size([512])
features.19.running_mean torch.Size([512])
features.19.running_var torch.Size([512])
features.19.num_batches_tracked torch.Size([])
features.22.weight torch.Size([512, 512, 3, 3])
features.22.bias torch.Size([512])
features.23.weight torch.Size([512])
features.23.bias torch.Size([512])
features.23.running_mean torch.Size([512])
features.23.running_var torch.Size([512])
features.23.num_batches_tracked torch.Size([])
features.25.weight torch.Size([512, 512, 3, 3])
features.25.bias torch.Size([512])
features.26.weight torch.Size([512])
features.26.bias torch.Size([512])
features.26.running_mean torch.Size([512])
features.26.running_var torch.Size([512])
features.26.num_batches_tracked torch.Size([])
classifier.0.weight torch.Size([4096, 25088])
classifier.0.bias torch.Size([4096])
classifier.3.weight torch.Size([4096, 4096])
classifier.3.bias torch.Size([4096])
classifier.6.weight torch.Size([1000, 4096])
classifier.6.bias torch.Size([1000])